2022-04-12 18:42:04,188 - root - INFO - 请把需要采集的数据放到 D:/test 目录下，采集EXCEl文件请以”XXX-姓名.xls“命名，以便程序进行采集工作
2022-04-12 18:42:04,233 - root - INFO - 数据提取任务已开始，请耐心等待！
2022-04-12 18:43:56,901 - root - INFO - 请把需要采集的数据放到 D:/test 目录下，采集EXCEl文件请以”XXX-姓名.xls“命名，以便程序进行采集工作
2022-04-12 18:43:56,903 - root - INFO - 数据提取任务已开始，请耐心等待！
2022-04-12 18:43:57,549 - root - INFO - --获取文件姓名列表: [' zmy', ' 副本本', ' 副本本1'] 
2022-04-12 18:43:57,550 - root - INFO - --Sheet数据提取全量数据（一维）: [' zmy', 0, 0, 0, 0, 0, 10, 0, 20, 30, 35, 40, 50, -5, 50, 230, ' 副本本', 0, 0, 0, 0, 0, 10, 15, 20, 30, 35, 40, 50, -5, 50, 245, ' 副本本1', 0, 0, 0, 0, 0, 10, 0, 20, 30, 35, 40, 50, -5, 50, 230] 
2022-04-12 18:43:57,574 - root - INFO - --Sheet数据提取全量数据（二维）: [[' zmy' '0' '0' '0' '0' '0' '10' '0' '20' '30' '35' '40' '50' '-5' '50'
  '230']
 [' 副本本' '0' '0' '0' '0' '0' '10' '15' '20' '30' '35' '40' '50' '-5' '50'
  '245']
 [' 副本本1' '0' '0' '0' '0' '0' '10' '0' '20' '30' '35' '40' '50' '-5' '50'
  '230']] 
2022-04-12 18:43:57,588 - root - INFO - 开始写入excel文件,记得关闭查看过的生成文件...
2022-04-12 18:43:57,633 - root - INFO - --恭喜！KIP数据已提取完成，输出结果Excel文件见程序当前目录。--
2022-04-20 17:23:00,736 - root - INFO - 请把需要采集的数据放到 D:/test 目录下，采集EXCEl文件请以”XXX-姓名.xls“命名，以便程序进行采集工作
2022-04-20 17:23:00,744 - root - INFO - 数据提取任务已开始，请耐心等待！
2022-04-20 17:23:01,523 - root - INFO - --获取文件姓名列表: [' zmy', ' 副本本', ' 副本本1'] 
2022-04-20 17:23:01,523 - root - INFO - --Sheet数据提取全量数据（一维）: [' zmy', 0, 0, 0, 0, 0, 10, 0, 20, 30, 35, 40, 50, -5, 50, 230, ' 副本本', 0, 0, 0, 0, 0, 10, 15, 20, 30, 35, 40, 50, -5, 50, 245, ' 副本本1', 0, 0, 0, 0, 0, 10, 0, 20, 30, 35, 40, 50, -5, 50, 230] 
2022-04-20 17:23:01,527 - root - INFO - --Sheet数据提取全量数据（二维）: [[' zmy' '0' '0' '0' '0' '0' '10' '0' '20' '30' '35' '40' '50' '-5' '50'
  '230']
 [' 副本本' '0' '0' '0' '0' '0' '10' '15' '20' '30' '35' '40' '50' '-5' '50'
  '245']
 [' 副本本1' '0' '0' '0' '0' '0' '10' '0' '20' '30' '35' '40' '50' '-5' '50'
  '230']] 
2022-04-20 17:23:01,542 - root - INFO - 开始写入excel文件,记得关闭查看过的生成文件...
2022-04-20 17:23:01,570 - root - INFO - --恭喜！KIP数据已提取完成，输出结果Excel文件见程序当前目录。--
